E, [2015-08-29T23:09:39.217371 #2496] ERROR -- Kitchen: ------Exception-------
E, [2015-08-29T23:09:39.217539 #2496] ERROR -- Kitchen: Class: Kitchen::UserError
E, [2015-08-29T23:09:39.217578 #2496] ERROR -- Kitchen: Message: Kitchen YAML file /Users/jamesstallard/dev/shell/.kitchen.yml does not exist.
E, [2015-08-29T23:09:39.217611 #2496] ERROR -- Kitchen: ------Backtrace-------
E, [2015-08-29T23:09:39.217643 #2496] ERROR -- Kitchen: /opt/chefdk/embedded/apps/test-kitchen/lib/kitchen/loader/yaml.rb:74:in `read'
E, [2015-08-29T23:09:39.217675 #2496] ERROR -- Kitchen: /opt/chefdk/embedded/apps/test-kitchen/lib/kitchen/config.rb:145:in `data'
E, [2015-08-29T23:09:39.217759 #2496] ERROR -- Kitchen: /opt/chefdk/embedded/apps/test-kitchen/lib/kitchen/config.rb:124:in `suites'
E, [2015-08-29T23:09:39.217791 #2496] ERROR -- Kitchen: /opt/chefdk/embedded/apps/test-kitchen/lib/kitchen/config.rb:175:in `filter_instances'
E, [2015-08-29T23:09:39.217823 #2496] ERROR -- Kitchen: /opt/chefdk/embedded/apps/test-kitchen/lib/kitchen/config.rb:134:in `build_instances'
E, [2015-08-29T23:09:39.217855 #2496] ERROR -- Kitchen: /opt/chefdk/embedded/apps/test-kitchen/lib/kitchen/config.rb:110:in `instances'
E, [2015-08-29T23:09:39.217886 #2496] ERROR -- Kitchen: /opt/chefdk/embedded/apps/test-kitchen/lib/kitchen/command.rb:115:in `filtered_instances'
E, [2015-08-29T23:09:39.217918 #2496] ERROR -- Kitchen: /opt/chefdk/embedded/apps/test-kitchen/lib/kitchen/command.rb:145:in `parse_subcommand'
E, [2015-08-29T23:09:39.217950 #2496] ERROR -- Kitchen: /opt/chefdk/embedded/apps/test-kitchen/lib/kitchen/command/login.rb:32:in `call'
E, [2015-08-29T23:09:39.217982 #2496] ERROR -- Kitchen: /opt/chefdk/embedded/apps/test-kitchen/lib/kitchen/cli.rb:56:in `perform'
E, [2015-08-29T23:09:39.218014 #2496] ERROR -- Kitchen: /opt/chefdk/embedded/apps/test-kitchen/lib/kitchen/cli.rb:224:in `login'
E, [2015-08-29T23:09:39.218046 #2496] ERROR -- Kitchen: /opt/chefdk/embedded/lib/ruby/gems/2.1.0/gems/thor-0.19.1/lib/thor/command.rb:27:in `run'
E, [2015-08-29T23:09:39.218078 #2496] ERROR -- Kitchen: /opt/chefdk/embedded/lib/ruby/gems/2.1.0/gems/thor-0.19.1/lib/thor/invocation.rb:126:in `invoke_command'
E, [2015-08-29T23:09:39.218110 #2496] ERROR -- Kitchen: /opt/chefdk/embedded/apps/test-kitchen/lib/kitchen/cli.rb:308:in `invoke_task'
E, [2015-08-29T23:09:39.218142 #2496] ERROR -- Kitchen: /opt/chefdk/embedded/lib/ruby/gems/2.1.0/gems/thor-0.19.1/lib/thor.rb:359:in `dispatch'
E, [2015-08-29T23:09:39.218201 #2496] ERROR -- Kitchen: /opt/chefdk/embedded/lib/ruby/gems/2.1.0/gems/thor-0.19.1/lib/thor/base.rb:440:in `start'
E, [2015-08-29T23:09:39.218233 #2496] ERROR -- Kitchen: /opt/chefdk/embedded/apps/test-kitchen/bin/kitchen:13:in `block in <top (required)>'
E, [2015-08-29T23:09:39.218265 #2496] ERROR -- Kitchen: /opt/chefdk/embedded/apps/test-kitchen/lib/kitchen/errors.rb:154:in `with_friendly_errors'
E, [2015-08-29T23:09:39.218297 #2496] ERROR -- Kitchen: /opt/chefdk/embedded/apps/test-kitchen/bin/kitchen:13:in `<top (required)>'
E, [2015-08-29T23:09:39.218329 #2496] ERROR -- Kitchen: /opt/chefdk/bin/kitchen:15:in `load'
E, [2015-08-29T23:09:39.218360 #2496] ERROR -- Kitchen: /opt/chefdk/bin/kitchen:15:in `<main>'
E, [2015-08-29T23:09:39.218390 #2496] ERROR -- Kitchen: ----------------------
