E, [2015-08-28T23:20:35.832783 #2162] ERROR -- Kitchen: ------Exception-------
E, [2015-08-28T23:20:35.832915 #2162] ERROR -- Kitchen: Class: Kitchen::UserError
E, [2015-08-28T23:20:35.832949 #2162] ERROR -- Kitchen: Message: Kitchen YAML file /Users/jamesstallard/dev/chef-repo/.kitchen.yml does not exist.
E, [2015-08-28T23:20:35.832982 #2162] ERROR -- Kitchen: ------Backtrace-------
E, [2015-08-28T23:20:35.833012 #2162] ERROR -- Kitchen: /opt/chefdk/embedded/apps/test-kitchen/lib/kitchen/loader/yaml.rb:74:in `read'
E, [2015-08-28T23:20:35.833045 #2162] ERROR -- Kitchen: /opt/chefdk/embedded/apps/test-kitchen/lib/kitchen/config.rb:145:in `data'
E, [2015-08-28T23:20:35.833077 #2162] ERROR -- Kitchen: /opt/chefdk/embedded/apps/test-kitchen/lib/kitchen/config.rb:124:in `suites'
E, [2015-08-28T23:20:35.833108 #2162] ERROR -- Kitchen: /opt/chefdk/embedded/apps/test-kitchen/lib/kitchen/config.rb:175:in `filter_instances'
E, [2015-08-28T23:20:35.833140 #2162] ERROR -- Kitchen: /opt/chefdk/embedded/apps/test-kitchen/lib/kitchen/config.rb:134:in `build_instances'
E, [2015-08-28T23:20:35.833193 #2162] ERROR -- Kitchen: /opt/chefdk/embedded/apps/test-kitchen/lib/kitchen/config.rb:110:in `instances'
E, [2015-08-28T23:20:35.833225 #2162] ERROR -- Kitchen: /opt/chefdk/embedded/apps/test-kitchen/lib/kitchen/command.rb:115:in `filtered_instances'
E, [2015-08-28T23:20:35.833257 #2162] ERROR -- Kitchen: /opt/chefdk/embedded/apps/test-kitchen/lib/kitchen/command.rb:145:in `parse_subcommand'
E, [2015-08-28T23:20:35.833288 #2162] ERROR -- Kitchen: /opt/chefdk/embedded/apps/test-kitchen/lib/kitchen/command/list.rb:32:in `call'
E, [2015-08-28T23:20:35.833320 #2162] ERROR -- Kitchen: /opt/chefdk/embedded/apps/test-kitchen/lib/kitchen/cli.rb:56:in `perform'
E, [2015-08-28T23:20:35.833351 #2162] ERROR -- Kitchen: /opt/chefdk/embedded/apps/test-kitchen/lib/kitchen/cli.rb:108:in `list'
E, [2015-08-28T23:20:35.833383 #2162] ERROR -- Kitchen: /opt/chefdk/embedded/lib/ruby/gems/2.1.0/gems/thor-0.19.1/lib/thor/command.rb:27:in `run'
E, [2015-08-28T23:20:35.833415 #2162] ERROR -- Kitchen: /opt/chefdk/embedded/lib/ruby/gems/2.1.0/gems/thor-0.19.1/lib/thor/invocation.rb:126:in `invoke_command'
E, [2015-08-28T23:20:35.833446 #2162] ERROR -- Kitchen: /opt/chefdk/embedded/apps/test-kitchen/lib/kitchen/cli.rb:308:in `invoke_task'
E, [2015-08-28T23:20:35.833478 #2162] ERROR -- Kitchen: /opt/chefdk/embedded/lib/ruby/gems/2.1.0/gems/thor-0.19.1/lib/thor.rb:359:in `dispatch'
E, [2015-08-28T23:20:35.833510 #2162] ERROR -- Kitchen: /opt/chefdk/embedded/lib/ruby/gems/2.1.0/gems/thor-0.19.1/lib/thor/base.rb:440:in `start'
E, [2015-08-28T23:20:35.833541 #2162] ERROR -- Kitchen: /opt/chefdk/embedded/apps/test-kitchen/bin/kitchen:13:in `block in <top (required)>'
E, [2015-08-28T23:20:35.833573 #2162] ERROR -- Kitchen: /opt/chefdk/embedded/apps/test-kitchen/lib/kitchen/errors.rb:154:in `with_friendly_errors'
E, [2015-08-28T23:20:35.833604 #2162] ERROR -- Kitchen: /opt/chefdk/embedded/apps/test-kitchen/bin/kitchen:13:in `<top (required)>'
E, [2015-08-28T23:20:35.833636 #2162] ERROR -- Kitchen: /opt/chefdk/bin/kitchen:15:in `load'
E, [2015-08-28T23:20:35.833698 #2162] ERROR -- Kitchen: /opt/chefdk/bin/kitchen:15:in `<main>'
E, [2015-08-28T23:20:35.833729 #2162] ERROR -- Kitchen: ----------------------
